  acceleration.cpp
  force.cpp
  ground.cpp
  Lab08.cpp
  mass.cpp
  position.cpp
  projectile.cpp
  seconds.cpp
  source.cpp
  temp.cpp
  test.cpp
  trajectory.cpp
C:\Winter2022\Encapsulation Design\week-7\Guns-dont-kill-people-M777-do-though\trajectory.h(28,11): warning C4200: nonstandard extension used: zero-sized array in struct/union
C:\Winter2022\Encapsulation Design\week-7\Guns-dont-kill-people-M777-do-though\trajectory.h(28,11): message : This member will be ignored by a defaulted constructor or copy/move assignment operator
  uiDraw.cpp
  uiInteract.cpp
C:\Winter2022\Encapsulation Design\week-7\Guns-dont-kill-people-M777-do-though\uiInteract.cpp(291,74): warning C4244: 'argument': conversion from 'double' to 'int', possible loss of data
C:\Winter2022\Encapsulation Design\week-7\Guns-dont-kill-people-M777-do-though\uiInteract.cpp(291,46): warning C4244: 'argument': conversion from 'double' to 'int', possible loss of data
  velocity.cpp
  Generating Code...
temp.obj : error LNK2005: "double __cdecl convertDegreesToRadians(double)" (?convertDegreesToRadians@@YANN@Z) already defined in source.obj
temp.obj : error LNK2005: "double __cdecl getAirDensity(double)" (?getAirDensity@@YANN@Z) already defined in source.obj
temp.obj : error LNK2005: "double __cdecl getDragCoefficient(double)" (?getDragCoefficient@@YANN@Z) already defined in source.obj
temp.obj : error LNK2005: "double __cdecl getLinearInterpolation(double,double,double,double,double)" (?getLinearInterpolation@@YANNNNNN@Z) already defined in source.obj
temp.obj : error LNK2005: "double __cdecl getTotalXDistanceTraveled(double,double)" (?getTotalXDistanceTraveled@@YANNN@Z) already defined in source.obj
temp.obj : error LNK2005: main already defined in source.obj
C:\Winter2022\Encapsulation Design\week-7\Guns-dont-kill-people-M777-do-though\x64\Debug\Lab08.exe : fatal error LNK1169: one or more multiply defined symbols found
